#
# There is insufficient memory for the Java Runtime Environment to continue.
# Native memory allocation (malloc) failed to allocate 2147483664 bytes for Chunk::new
# Possible reasons:
#   The system is out of physical RAM or swap space
#   The process is running with CompressedOops enabled, and the Java Heap may be blocking the growth of the native heap
# Possible solutions:
#   Reduce memory load on the system
#   Increase physical memory or swap space
#   Check if swap backing store is full
#   Decrease Java heap size (-Xmx/-Xms)
#   Decrease number of Java threads
#   Decrease Java thread stack sizes (-Xss)
#   Set larger code cache with -XX:ReservedCodeCacheSize=
#   JVM is running with Unscaled Compressed Oops mode in which the Java heap is
#     placed in the first 4GB address space. The Java Heap base address is the
#     maximum limit for the native heap growth. Please use -XX:HeapBaseMinAddress
#     to set the Java Heap base and to place the Java Heap above 4GB virtual address.
# This output file may be truncated or incomplete.
#
#  Out of Memory Error (arena.cpp:189), pid=21336, tid=19072
#
# JRE version: OpenJDK Runtime Environment Temurin-17.0.7+7 (17.0.7+7) (build 17.0.7+7)
# Java VM: OpenJDK 64-Bit Server VM Temurin-17.0.7+7 (17.0.7+7, mixed mode, tiered, compressed oops, compressed class ptrs, g1 gc, windows-amd64)
# No core dump will be written. Minidumps are not enabled by default on client versions of Windows
#

---------------  S U M M A R Y ------------

Command Line: -Dfile.encoding=UTF-8 -XX:+ShowCodeDetailsInExceptionMessages com.GLA16.twitterclonebackend.TwitterCloneBackendApplication

Host: Intel(R) Core(TM) i5-7300HQ CPU @ 2.50GHz, 4 cores, 7G,  Windows 10 , 64 bit Build 19041 (10.0.19041.3155)
Time: Wed Jul 26 20:09:40 2023 GMT Summer Time elapsed time: 20102.769159 seconds (0d 5h 35m 2s)

---------------  T H R E A D  ---------------

Current thread (0x0000015f3d6eddd0):  JavaThread "C1 CompilerThread0" daemon [_thread_in_vm, id=19072, stack(0x000000545c400000,0x000000545c500000)]


Current CompileTask:
C1:20102785 17751   !   3       com.sun.beans.TypeResolver::resolve (261 bytes)

Stack: [0x000000545c400000,0x000000545c500000]
Native frames: (J=compiled Java code, j=interpreted, Vv=VM code, C=native code)
V  [jvm.dll+0x67754a]
V  [jvm.dll+0x834304]
V  [jvm.dll+0x835aae]
V  [jvm.dll+0x836113]
V  [jvm.dll+0x24696f]
V  [jvm.dll+0xac0ac]
V  [jvm.dll+0xac67c]
V  [jvm.dll+0x1d8535]
V  [jvm.dll+0x1cc85b]
V  [jvm.dll+0x1d5f42]
V  [jvm.dll+0x1d6703]
V  [jvm.dll+0x1c5242]
V  [jvm.dll+0x1c4e60]
V  [jvm.dll+0x1d9ae0]
V  [jvm.dll+0x13e818]
V  [jvm.dll+0x141685]
V  [jvm.dll+0x13f86c]
V  [jvm.dll+0x14833d]
V  [jvm.dll+0x147865]
V  [jvm.dll+0x13f0ce]
V  [jvm.dll+0x141685]
V  [jvm.dll+0x13f964]
V  [jvm.dll+0x1398df]
V  [jvm.dll+0x149456]
V  [jvm.dll+0x134ff0]
V  [jvm.dll+0x135350]
V  [jvm.dll+0x135616]
V  [jvm.dll+0x134aaa]
V  [jvm.dll+0x136771]
V  [jvm.dll+0x2284da]
V  [jvm.dll+0x226615]
V  [jvm.dll+0x7ea90b]
V  [jvm.dll+0x7e4e7a]
V  [jvm.dll+0x676395]
C  [ucrtbase.dll+0x21bb2]
C  [KERNEL32.DLL+0x17614]
C  [ntdll.dll+0x526b1]


---------------  P R O C E S S  ---------------

Threads class SMR info:
_java_thread_list=0x0000015f464b9570, length=34, elements={
0x0000015f3d5282a0, 0x0000015f3d529110, 0x0000015f3d55cb30, 0x0000015f3d6acf40,
0x0000015f3d6adaf0, 0x0000015f3d6b04b0, 0x0000015f3d6b1930, 0x0000015f3d6eddd0,
0x0000015f3d710b40, 0x0000015f3d80b080, 0x0000015f3d821780, 0x0000015f465f1070,
0x0000015f434969e0, 0x0000015f458e02f0, 0x0000015f42138490, 0x0000015f42136c80,
0x0000015f458e4180, 0x0000015f458e4ff0, 0x0000015f458dfe20, 0x0000015f458e07c0,
0x0000015f458deae0, 0x0000015f458e1160, 0x0000015f458de140, 0x0000015f458e2970,
0x0000015f458de610, 0x0000015f42138960, 0x0000015f421367b0, 0x0000015f42135470,
0x0000015f42132df0, 0x0000015f42139300, 0x0000015f42134600, 0x0000015f42135940,
0x0000015f42134ad0, 0x0000015f42137620
}

Java Threads: ( => current thread )
  0x0000015f3d5282a0 JavaThread "Reference Handler" daemon [_thread_blocked, id=22160, stack(0x000000545bd00000,0x000000545be00000)]
  0x0000015f3d529110 JavaThread "Finalizer" daemon [_thread_blocked, id=17328, stack(0x000000545be00000,0x000000545bf00000)]
  0x0000015f3d55cb30 JavaThread "Signal Dispatcher" daemon [_thread_blocked, id=9100, stack(0x000000545bf00000,0x000000545c000000)]
  0x0000015f3d6acf40 JavaThread "Attach Listener" daemon [_thread_blocked, id=18728, stack(0x000000545c000000,0x000000545c100000)]
  0x0000015f3d6adaf0 JavaThread "Service Thread" daemon [_thread_blocked, id=21768, stack(0x000000545c100000,0x000000545c200000)]
  0x0000015f3d6b04b0 JavaThread "Monitor Deflation Thread" daemon [_thread_blocked, id=10516, stack(0x000000545c200000,0x000000545c300000)]
  0x0000015f3d6b1930 JavaThread "C2 CompilerThread0" daemon [_thread_blocked, id=9008, stack(0x000000545c300000,0x000000545c400000)]
=>0x0000015f3d6eddd0 JavaThread "C1 CompilerThread0" daemon [_thread_in_vm, id=19072, stack(0x000000545c400000,0x000000545c500000)]
  0x0000015f3d710b40 JavaThread "Sweeper thread" daemon [_thread_blocked, id=2932, stack(0x000000545c500000,0x000000545c600000)]
  0x0000015f3d80b080 JavaThread "Notification Thread" daemon [_thread_blocked, id=9620, stack(0x000000545c600000,0x000000545c700000)]
  0x0000015f3d821780 JavaThread "Common-Cleaner" daemon [_thread_blocked, id=16176, stack(0x000000545c800000,0x000000545c900000)]
  0x0000015f465f1070 JavaThread "mysql-cj-abandoned-connection-cleanup" daemon [_thread_blocked, id=15792, stack(0x000000545d200000,0x000000545d300000)]
  0x0000015f434969e0 JavaThread "Live Reload Server" daemon [_thread_in_native, id=17284, stack(0x000000545d800000,0x000000545d900000)]
  0x0000015f458e02f0 JavaThread "DestroyJavaVM" [_thread_blocked, id=21192, stack(0x000000545b600000,0x000000545b700000)]
  0x0000015f42138490 JavaThread "File Watcher" daemon [_thread_blocked, id=20440, stack(0x000000545c900000,0x000000545ca00000)]
  0x0000015f42136c80 JavaThread "File Watcher" daemon [_thread_blocked, id=19656, stack(0x000000545cf00000,0x000000545d000000)]
  0x0000015f458e4180 JavaThread "Catalina-utility-1" [_thread_blocked, id=20760, stack(0x000000545cd00000,0x000000545ce00000)]
  0x0000015f458e4ff0 JavaThread "Catalina-utility-2" [_thread_blocked, id=17496, stack(0x000000545d100000,0x000000545d200000)]
  0x0000015f458dfe20 JavaThread "container-2" [_thread_blocked, id=14332, stack(0x000000545d300000,0x000000545d400000)]
  0x0000015f458e07c0 JavaThread "HikariPool-53 housekeeper" daemon [_thread_blocked, id=20852, stack(0x000000545d500000,0x000000545d600000)]
  0x0000015f458deae0 JavaThread "HikariPool-53 connection adder" daemon [_thread_blocked, id=14344, stack(0x000000545d600000,0x000000545d700000)]
  0x0000015f458e1160 JavaThread "File Watcher" daemon [_thread_blocked, id=5028, stack(0x000000545d700000,0x000000545d800000)]
  0x0000015f458de140 JavaThread "http-nio-8080-exec-1" daemon [_thread_blocked, id=11576, stack(0x000000545d900000,0x000000545da00000)]
  0x0000015f458e2970 JavaThread "http-nio-8080-exec-2" daemon [_thread_blocked, id=20444, stack(0x000000545da00000,0x000000545db00000)]
  0x0000015f458de610 JavaThread "http-nio-8080-exec-3" daemon [_thread_blocked, id=21216, stack(0x000000545db00000,0x000000545dc00000)]
  0x0000015f42138960 JavaThread "http-nio-8080-exec-4" daemon [_thread_blocked, id=11108, stack(0x000000545dc00000,0x000000545dd00000)]
  0x0000015f421367b0 JavaThread "http-nio-8080-exec-5" daemon [_thread_blocked, id=15780, stack(0x000000545dd00000,0x000000545de00000)]
  0x0000015f42135470 JavaThread "http-nio-8080-exec-6" daemon [_thread_blocked, id=3128, stack(0x000000545de00000,0x000000545df00000)]
  0x0000015f42132df0 JavaThread "http-nio-8080-exec-7" daemon [_thread_blocked, id=20072, stack(0x000000545df00000,0x000000545e000000)]
  0x0000015f42139300 JavaThread "http-nio-8080-exec-8" daemon [_thread_blocked, id=7096, stack(0x000000545e000000,0x000000545e100000)]
  0x0000015f42134600 JavaThread "http-nio-8080-exec-9" daemon [_thread_blocked, id=3020, stack(0x000000545e100000,0x000000545e200000)]
  0x0000015f42135940 JavaThread "http-nio-8080-exec-10" daemon [_thread_blocked, id=3336, stack(0x000000545e200000,0x000000545e300000)]
  0x0000015f42134ad0 JavaThread "http-nio-8080-Poller" daemon [_thread_blocked, id=21884, stack(0x000000545e300000,0x000000545e400000)]
  0x0000015f42137620 JavaThread "http-nio-8080-Acceptor" daemon [_thread_blocked, id=22420, stack(0x000000545e400000,0x000000545e500000)]

Other Threads:
  0x0000015f3d542f90 VMThread "VM Thread" [stack: 0x000000545bc00000,0x000000545bd00000] [id=13088] _threads_hazard_ptr=0x0000015f464b9570
  0x0000015f3d733b30 WatcherThread [stack: 0x000000545c700000,0x000000545c800000] [id=11160]
  0x0000015f21f5fbd0 GCTaskThread "GC Thread#0" [stack: 0x000000545b700000,0x000000545b800000] [id=20028]
  0x0000015f427f8d10 GCTaskThread "GC Thread#1" [stack: 0x000000545ca00000,0x000000545cb00000] [id=5052]
  0x0000015f42794b10 GCTaskThread "GC Thread#2" [stack: 0x000000545cb00000,0x000000545cc00000] [id=12592]
  0x0000015f4264a6e0 GCTaskThread "GC Thread#3" [stack: 0x000000545cc00000,0x000000545cd00000] [id=1416]
  0x0000015f21f70790 ConcurrentGCThread "G1 Main Marker" [stack: 0x000000545b800000,0x000000545b900000] [id=17756]
  0x0000015f21f711a0 ConcurrentGCThread "G1 Conc#0" [stack: 0x000000545b900000,0x000000545ba00000] [id=19460]
  0x0000015f21fc5110 ConcurrentGCThread "G1 Refine#0" [stack: 0x000000545ba00000,0x000000545bb00000] [id=10632]
  0x0000015f21fc5b30 ConcurrentGCThread "G1 Service" [stack: 0x000000545bb00000,0x000000545bc00000] [id=20572]

Threads with active compile tasks:
C1 CompilerThread0  20103719 17751   !   3       com.sun.beans.TypeResolver::resolve (261 bytes)

VM state: synchronizing (normal execution)

VM Mutex/Monitor currently owned by a thread:  ([mutex/lock_event])
[0x0000015f21dedb00] Threads_lock - owner thread: 0x0000015f3d542f90

Heap address: 0x0000000081c00000, size: 2020 MB, Compressed Oops mode: 32-bit

CDS archive(s) not mapped
Compressed class space mapped at: 0x0000000100000000-0x0000000140000000, reserved size: 1073741824
Narrow klass base: 0x0000000000000000, Narrow klass shift: 3, Narrow klass range: 0x140000000

GC Precious Log:
 CPUs: 4 total, 4 available
 Memory: 8074M
 Large Page Support: Disabled
 NUMA Support: Disabled
 Compressed Oops: Enabled (32-bit)
 Heap Region Size: 1M
 Heap Min Capacity: 8M
 Heap Initial Capacity: 128M
 Heap Max Capacity: 2020M
 Pre-touch: Disabled
 Parallel Workers: 4
 Concurrent Workers: 1
 Concurrent Refinement Workers: 4
 Periodic GC: Disabled

Heap:
 garbage-first heap   total 81920K, used 52564K [0x0000000081c00000, 0x0000000100000000)
  region size 1024K, 29 young (29696K), 4 survivors (4096K)
 Metaspace       used 85822K, committed 87232K, reserved 1179648K
  class space    used 10249K, committed 10816K, reserved 1048576K

Heap Regions: E=young(eden), S=young(survivor), O=old, HS=humongous(starts), HC=humongous(continues), CS=collection set, F=free, OA=open archive, CA=closed archive, TAMS=top-at-mark-start (previous, next)
|   0|0x0000000081c00000, 0x0000000081d00000, 0x0000000081d00000|100%|HS|  |TAMS 0x0000000081d00000, 0x0000000081c00000| Untracked 
|   1|0x0000000081d00000, 0x0000000081e00000, 0x0000000081e00000|100%| O|  |TAMS 0x0000000081e00000, 0x0000000081d00000| Untracked 
|   2|0x0000000081e00000, 0x0000000081f00000, 0x0000000081f00000|100%| O|  |TAMS 0x0000000081f00000, 0x0000000081e00000| Untracked 
|   3|0x0000000081f00000, 0x0000000081fffff0, 0x0000000082000000| 99%| O|  |TAMS 0x0000000081fffff0, 0x0000000081f00000| Untracked 
|   4|0x0000000082000000, 0x0000000082100000, 0x0000000082100000|100%| O|  |TAMS 0x0000000082100000, 0x0000000082000000| Untracked 
|   5|0x0000000082100000, 0x00000000821fffc8, 0x0000000082200000| 99%| O|  |TAMS 0x00000000821fffc8, 0x0000000082100000| Untracked 
|   6|0x0000000082200000, 0x00000000822ffff0, 0x0000000082300000| 99%| O|  |TAMS 0x00000000822ffff0, 0x0000000082200000| Untracked 
|   7|0x0000000082300000, 0x00000000823ffff0, 0x0000000082400000| 99%| O|  |TAMS 0x00000000823ffff0, 0x0000000082300000| Untracked 
|   8|0x0000000082400000, 0x00000000824fffe0, 0x0000000082500000| 99%| O|  |TAMS 0x00000000824fffe0, 0x0000000082400000| Untracked 
|   9|0x0000000082500000, 0x00000000825ffff0, 0x0000000082600000| 99%| O|  |TAMS 0x00000000825ffff0, 0x0000000082500000| Untracked 
|  10|0x0000000082600000, 0x00000000826fffb8, 0x0000000082700000| 99%| O|  |TAMS 0x00000000826fffb8, 0x0000000082600000| Untracked 
|  11|0x0000000082700000, 0x00000000827ffff8, 0x0000000082800000| 99%| O|  |TAMS 0x00000000827ffff8, 0x0000000082700000| Untracked 
|  12|0x0000000082800000, 0x0000000082900000, 0x0000000082900000|100%| O|  |TAMS 0x0000000082900000, 0x0000000082800000| Untracked 
|  13|0x0000000082900000, 0x0000000082a00000, 0x0000000082a00000|100%| O|  |TAMS 0x0000000082a00000, 0x0000000082900000| Untracked 
|  14|0x0000000082a00000, 0x0000000082affff8, 0x0000000082b00000| 99%| O|  |TAMS 0x0000000082affff8, 0x0000000082a00000| Untracked 
|  15|0x0000000082b00000, 0x0000000082c00000, 0x0000000082c00000|100%| O|  |TAMS 0x0000000082c00000, 0x0000000082b00000| Untracked 
|  16|0x0000000082c00000, 0x0000000082cfff98, 0x0000000082d00000| 99%| O|  |TAMS 0x0000000082cfff98, 0x0000000082c00000| Untracked 
|  17|0x0000000082d00000, 0x0000000082dffff8, 0x0000000082e00000| 99%| O|  |TAMS 0x0000000082dffff8, 0x0000000082d00000| Untracked 
|  18|0x0000000082e00000, 0x0000000082f00000, 0x0000000082f00000|100%| O|  |TAMS 0x0000000082e00000, 0x0000000082e00000| Untracked 
|  19|0x0000000082f00000, 0x0000000082ffffd8, 0x0000000083000000| 99%| O|  |TAMS 0x0000000082ffffd8, 0x0000000082f00000| Untracked 
|  20|0x0000000083000000, 0x00000000830fffb8, 0x0000000083100000| 99%| O|  |TAMS 0x0000000083000000, 0x0000000083000000| Untracked 
|  21|0x0000000083100000, 0x00000000831f9de0, 0x0000000083200000| 97%| O|  |TAMS 0x0000000083100000, 0x0000000083100000| Untracked 
|  22|0x0000000083200000, 0x00000000832fffb8, 0x0000000083300000| 99%| O|  |TAMS 0x0000000083200000, 0x0000000083200000| Untracked 
|  23|0x0000000083300000, 0x00000000833cef08, 0x0000000083400000| 80%| O|  |TAMS 0x0000000083300000, 0x0000000083300000| Untracked 
|  24|0x0000000083400000, 0x0000000083400000, 0x0000000083500000|  0%| F|  |TAMS 0x0000000083400000, 0x0000000083400000| Untracked 
|  25|0x0000000083500000, 0x0000000083500000, 0x0000000083600000|  0%| F|  |TAMS 0x0000000083500000, 0x0000000083500000| Untracked 
|  26|0x0000000083600000, 0x0000000083600000, 0x0000000083700000|  0%| F|  |TAMS 0x0000000083600000, 0x0000000083600000| Untracked 
|  27|0x0000000083700000, 0x0000000083700000, 0x0000000083800000|  0%| F|  |TAMS 0x0000000083700000, 0x0000000083700000| Untracked 
|  28|0x0000000083800000, 0x0000000083800000, 0x0000000083900000|  0%| F|  |TAMS 0x0000000083800000, 0x0000000083800000| Untracked 
|  29|0x0000000083900000, 0x0000000083900000, 0x0000000083a00000|  0%| F|  |TAMS 0x0000000083900000, 0x0000000083900000| Untracked 
|  30|0x0000000083a00000, 0x0000000083a00000, 0x0000000083b00000|  0%| F|  |TAMS 0x0000000083a00000, 0x0000000083a00000| Untracked 
|  31|0x0000000083b00000, 0x0000000083b00000, 0x0000000083c00000|  0%| F|  |TAMS 0x0000000083b00000, 0x0000000083b00000| Untracked 
|  32|0x0000000083c00000, 0x0000000083c00000, 0x0000000083d00000|  0%| F|  |TAMS 0x0000000083c00000, 0x0000000083c00000| Untracked 
|  33|0x0000000083d00000, 0x0000000083d00000, 0x0000000083e00000|  0%| F|  |TAMS 0x0000000083d00000, 0x0000000083d00000| Untracked 
|  34|0x0000000083e00000, 0x0000000083e00000, 0x0000000083f00000|  0%| F|  |TAMS 0x0000000083e00000, 0x0000000083e00000| Untracked 
|  35|0x0000000083f00000, 0x0000000083f00000, 0x0000000084000000|  0%| F|  |TAMS 0x0000000083f00000, 0x0000000083f00000| Untracked 
|  36|0x0000000084000000, 0x0000000084000000, 0x0000000084100000|  0%| F|  |TAMS 0x0000000084000000, 0x0000000084000000| Untracked 
|  37|0x0000000084100000, 0x0000000084150f60, 0x0000000084200000| 31%| S|CS|TAMS 0x0000000084100000, 0x0000000084100000| Complete 
|  38|0x0000000084200000, 0x0000000084300000, 0x0000000084300000|100%| S|CS|TAMS 0x0000000084200000, 0x0000000084200000| Complete 
|  39|0x0000000084300000, 0x0000000084400000, 0x0000000084400000|100%| S|CS|TAMS 0x0000000084300000, 0x0000000084300000| Complete 
|  40|0x0000000084400000, 0x0000000084500000, 0x0000000084500000|100%| S|CS|TAMS 0x0000000084400000, 0x0000000084400000| Complete 
|  41|0x0000000084500000, 0x0000000084500000, 0x0000000084600000|  0%| F|  |TAMS 0x0000000084500000, 0x0000000084500000| Untracked 
|  42|0x0000000084600000, 0x000000008463b7e8, 0x0000000084700000| 23%| O|  |TAMS 0x0000000084600000, 0x0000000084600000| Untracked 
|  43|0x0000000084700000, 0x0000000084700000, 0x0000000084800000|  0%| F|  |TAMS 0x0000000084700000, 0x0000000084700000| Untracked 
|  44|0x0000000084800000, 0x0000000084800000, 0x0000000084900000|  0%| F|  |TAMS 0x0000000084800000, 0x0000000084800000| Untracked 
|  45|0x0000000084900000, 0x0000000084900000, 0x0000000084a00000|  0%| F|  |TAMS 0x0000000084900000, 0x0000000084900000| Untracked 
|  46|0x0000000084a00000, 0x0000000084a00000, 0x0000000084b00000|  0%| F|  |TAMS 0x0000000084a00000, 0x0000000084a00000| Untracked 
|  47|0x0000000084b00000, 0x0000000084b00000, 0x0000000084c00000|  0%| F|  |TAMS 0x0000000084b00000, 0x0000000084b00000| Untracked 
|  48|0x0000000084c00000, 0x0000000084c00000, 0x0000000084d00000|  0%| F|  |TAMS 0x0000000084c00000, 0x0000000084c00000| Untracked 
|  49|0x0000000084d00000, 0x0000000084d00000, 0x0000000084e00000|  0%| F|  |TAMS 0x0000000084d00000, 0x0000000084d00000| Untracked 
|  50|0x0000000084e00000, 0x0000000084e00000, 0x0000000084f00000|  0%| F|  |TAMS 0x0000000084e00000, 0x0000000084e00000| Untracked 
|  51|0x0000000084f00000, 0x0000000084f00000, 0x0000000085000000|  0%| F|  |TAMS 0x0000000084f00000, 0x0000000084f00000| Untracked 
|  52|0x0000000085000000, 0x0000000085000000, 0x0000000085100000|  0%| F|  |TAMS 0x0000000085000000, 0x0000000085000000| Untracked 
|  53|0x0000000085100000, 0x0000000085100000, 0x0000000085200000|  0%| F|  |TAMS 0x0000000085100000, 0x0000000085100000| Untracked 
|  54|0x0000000085200000, 0x0000000085200000, 0x0000000085300000|  0%| F|  |TAMS 0x0000000085200000, 0x0000000085200000| Untracked 
|  55|0x0000000085300000, 0x000000008539c088, 0x0000000085400000| 60%| E|  |TAMS 0x0000000085300000, 0x0000000085300000| Complete 
|  56|0x0000000085400000, 0x0000000085500000, 0x0000000085500000|100%| E|CS|TAMS 0x0000000085400000, 0x0000000085400000| Complete 
|  57|0x0000000085500000, 0x0000000085600000, 0x0000000085600000|100%| E|CS|TAMS 0x0000000085500000, 0x0000000085500000| Complete 
|  58|0x0000000085600000, 0x0000000085700000, 0x0000000085700000|100%| E|CS|TAMS 0x0000000085600000, 0x0000000085600000| Complete 
|  59|0x0000000085700000, 0x0000000085800000, 0x0000000085800000|100%| E|CS|TAMS 0x0000000085700000, 0x0000000085700000| Complete 
|  60|0x0000000085800000, 0x0000000085900000, 0x0000000085900000|100%| E|CS|TAMS 0x0000000085800000, 0x0000000085800000| Complete 
|  61|0x0000000085900000, 0x0000000085a00000, 0x0000000085a00000|100%| E|CS|TAMS 0x0000000085900000, 0x0000000085900000| Complete 
|  62|0x0000000085a00000, 0x0000000085b00000, 0x0000000085b00000|100%| E|CS|TAMS 0x0000000085a00000, 0x0000000085a00000| Complete 
|  63|0x0000000085b00000, 0x0000000085c00000, 0x0000000085c00000|100%| E|CS|TAMS 0x0000000085b00000, 0x0000000085b00000| Complete 
|  64|0x0000000085c00000, 0x0000000085d00000, 0x0000000085d00000|100%| E|CS|TAMS 0x0000000085c00000, 0x0000000085c00000| Complete 
|  65|0x0000000085d00000, 0x0000000085e00000, 0x0000000085e00000|100%| E|CS|TAMS 0x0000000085d00000, 0x0000000085d00000| Complete 
|  66|0x0000000085e00000, 0x0000000085f00000, 0x0000000085f00000|100%| E|CS|TAMS 0x0000000085e00000, 0x0000000085e00000| Complete 
|  67|0x0000000085f00000, 0x0000000086000000, 0x0000000086000000|100%| E|CS|TAMS 0x0000000085f00000, 0x0000000085f00000| Complete 
|  68|0x0000000086000000, 0x0000000086100000, 0x0000000086100000|100%| E|CS|TAMS 0x0000000086000000, 0x0000000086000000| Complete 
|  69|0x0000000086100000, 0x0000000086200000, 0x0000000086200000|100%| E|CS|TAMS 0x0000000086100000, 0x0000000086100000| Complete 
|  70|0x0000000086200000, 0x0000000086300000, 0x0000000086300000|100%| E|CS|TAMS 0x0000000086200000, 0x0000000086200000| Complete 
|  71|0x0000000086300000, 0x0000000086400000, 0x0000000086400000|100%| E|CS|TAMS 0x0000000086300000, 0x0000000086300000| Complete 
|  72|0x0000000086400000, 0x0000000086500000, 0x0000000086500000|100%| E|CS|TAMS 0x0000000086400000, 0x0000000086400000| Complete 
|  73|0x0000000086500000, 0x0000000086600000, 0x0000000086600000|100%| E|CS|TAMS 0x0000000086500000, 0x0000000086500000| Complete 
|  74|0x0000000086600000, 0x0000000086700000, 0x0000000086700000|100%| E|CS|TAMS 0x0000000086600000, 0x0000000086600000| Complete 
|  75|0x0000000086700000, 0x0000000086800000, 0x0000000086800000|100%| E|CS|TAMS 0x0000000086700000, 0x0000000086700000| Complete 
|  76|0x0000000086800000, 0x0000000086900000, 0x0000000086900000|100%| E|CS|TAMS 0x0000000086800000, 0x0000000086800000| Complete 
|  77|0x0000000086900000, 0x0000000086a00000, 0x0000000086a00000|100%| E|CS|TAMS 0x0000000086900000, 0x0000000086900000| Complete 
|  78|0x0000000086a00000, 0x0000000086b00000, 0x0000000086b00000|100%| E|CS|TAMS 0x0000000086a00000, 0x0000000086a00000| Complete 
|  79|0x0000000086b00000, 0x0000000086c00000, 0x0000000086c00000|100%| E|CS|TAMS 0x0000000086b00000, 0x0000000086b00000| Complete 

Card table byte_map: [0x0000015f367c0000,0x0000015f36bc0000] _byte_map_base: 0x0000015f363b2000

Marking Bits (Prev, Next): (CMBitMap*) 0x0000015f21f60220, (CMBitMap*) 0x0000015f21f601e0
 Prev Bits: [0x0000015f38f50000, 0x0000015f3aee0000)
 Next Bits: [0x0000015f36fc0000, 0x0000015f38f50000)

Polling page: 0x0000015f21fd0000

Metaspace:

Usage:
  Non-class:     73.80 MB used.
      Class:     10.01 MB used.
       Both:     83.81 MB used.

Virtual space:
  Non-class space:      128.00 MB reserved,      74.62 MB ( 58%) committed,  2 nodes.
      Class space:        1.00 GB reserved,      10.56 MB (  1%) committed,  1 nodes.
             Both:        1.12 GB reserved,      85.19 MB (  7%) committed. 

Chunk freelists:
   Non-Class:  5.75 MB
       Class:  5.39 MB
        Both:  11.15 MB

MaxMetaspaceSize: unlimited
CompressedClassSpaceSize: 1.00 GB
Initial GC threshold: 21.00 MB
Current GC threshold: 142.00 MB
CDS: off
MetaspaceReclaimPolicy: balanced
 - commit_granule_bytes: 65536.
 - commit_granule_words: 8192.
 - virtual_space_node_default_size: 8388608.
 - enlarge_chunks_in_place: 1.
 - new_chunks_are_fully_committed: 0.
 - uncommit_free_chunks: 1.
 - use_allocation_guard: 0.
 - handle_deallocations: 1.


Internal statistics:

num_allocs_failed_limit: 8.
num_arena_births: 2698.
num_arena_deaths: 1194.
num_vsnodes_births: 3.
num_vsnodes_deaths: 0.
num_space_committed: 1386.
num_space_uncommitted: 23.
num_chunks_returned_to_freelist: 2264.
num_chunks_taken_from_freelist: 6986.
num_chunk_merges: 613.
num_chunk_splits: 3692.
num_chunks_enlarged: 2083.
num_inconsistent_stats: 0.

CodeHeap 'non-profiled nmethods': size=120000Kb used=15031Kb max_used=15773Kb free=104968Kb
 bounds [0x0000015f2e860000, 0x0000015f2f7d0000, 0x0000015f35d90000]
CodeHeap 'profiled nmethods': size=120000Kb used=26563Kb max_used=28573Kb free=93436Kb
 bounds [0x0000015f26d90000, 0x0000015f28980000, 0x0000015f2e2c0000]
CodeHeap 'non-nmethods': size=5760Kb used=1354Kb max_used=1470Kb free=4405Kb
 bounds [0x0000015f2e2c0000, 0x0000015f2e530000, 0x0000015f2e860000]
 total_blobs=14704 nmethods=14020 adapters=595
 compilation: enabled
              stopped_count=0, restarted_count=0
 full_count=0

Compilation events (20 events):
Event: 20054.270 Thread 0x0000015f3d6b1930 nmethod 17739 0x0000015f2efaa710 code [0x0000015f2efaa8e0, 0x0000015f2efaadf8]
Event: 20054.271 Thread 0x0000015f3d6b1930 17743       4       com.mysql.cj.result.Field::adjustFlagsByMysqlType (149 bytes)
Event: 20054.272 Thread 0x0000015f3d6b1930 nmethod 17743 0x0000015f2e9f1510 code [0x0000015f2e9f1680, 0x0000015f2e9f1778]
Event: 20054.328 Thread 0x0000015f3d6b1930 17744   !   4       jdk.proxy1.$Proxy8::annotationType (29 bytes)
Event: 20054.329 Thread 0x0000015f3d6b1930 nmethod 17744 0x0000015f2eaaee10 code [0x0000015f2eaaefa0, 0x0000015f2eaaf108]
Event: 20054.334 Thread 0x0000015f3d6eddd0 17745       3       org.springframework.data.mapping.model.Property$$Lambda$1112/0x000000010089c408::test (12 bytes)
Event: 20054.334 Thread 0x0000015f3d6eddd0 nmethod 17745 0x0000015f26e05890 code [0x0000015f26e05a40, 0x0000015f26e05d38]
Event: 20054.334 Thread 0x0000015f3d6eddd0 17746       3       org.springframework.data.mapping.model.Property::lambda$new$8 (13 bytes)
Event: 20054.334 Thread 0x0000015f3d6eddd0 nmethod 17746 0x0000015f26e13d10 code [0x0000015f26e13ea0, 0x0000015f26e14018]
Event: 20054.334 Thread 0x0000015f3d6eddd0 17747       3       org.springframework.data.util.TypeDiscoverer$$Lambda$1159/0x00000001008a46d8::<init> (10 bytes)
Event: 20054.334 Thread 0x0000015f3d6eddd0 nmethod 17747 0x0000015f26edd110 code [0x0000015f26edd2a0, 0x0000015f26edd458]
Event: 20054.341 Thread 0x0000015f3d6b1930 17748       4       java.lang.Class::privateGetPublicMethods (224 bytes)
Event: 20054.360 Thread 0x0000015f3d6eddd0 17751   !   3       com.sun.beans.TypeResolver::resolve (261 bytes)
Event: 20054.515 Thread 0x0000015f3d6b1930 nmethod 17748 0x0000015f2f256890 code [0x0000015f2f256c60, 0x0000015f2f25a2b8]
Event: 20054.515 Thread 0x0000015f3d6b1930 17750       4       org.springframework.beans.factory.support.AbstractBeanFactory::registerDisposableBeanIfNecessary (114 bytes)
Event: 20054.543 Thread 0x0000015f3d6b1930 nmethod 17750 0x0000015f2f096290 code [0x0000015f2f096500, 0x0000015f2f0978d0]
Event: 20054.544 Thread 0x0000015f3d6b1930 17757       4       sun.security.ssl.HandshakeOutStream::putBytes16 (27 bytes)
Event: 20054.559 Thread 0x0000015f3d6b1930 nmethod 17757 0x0000015f2f3c1690 code [0x0000015f2f3c1840, 0x0000015f2f3c2ad8]
Event: 20054.559 Thread 0x0000015f3d6b1930 17749       4       sun.security.ssl.ProtocolVersion::isNegotiable (67 bytes)
Event: 20054.560 Thread 0x0000015f3d6b1930 nmethod 17749 0x0000015f2ef95790 code [0x0000015f2ef95900, 0x0000015f2ef959b8]

GC Heap History (20 events):
Event: 19816.672 GC heap before
{Heap before GC invocations=165 (full 47):
 garbage-first heap   total 81920K, used 58238K [0x0000000081c00000, 0x0000000100000000)
  region size 1024K, 35 young (35840K), 4 survivors (4096K)
 Metaspace       used 85324K, committed 86272K, reserved 1179648K
  class space    used 10205K, committed 10688K, reserved 1048576K
}
Event: 19816.748 GC heap after
{Heap after GC invocations=166 (full 48):
 garbage-first heap   total 81920K, used 24012K [0x0000000081c00000, 0x0000000100000000)
  region size 1024K, 0 young (0K), 0 survivors (0K)
 Metaspace       used 85105K, committed 86272K, reserved 1179648K
  class space    used 10187K, committed 10688K, reserved 1048576K
}
Event: 19817.115 GC heap before
{Heap before GC invocations=166 (full 48):
 garbage-first heap   total 81920K, used 63948K [0x0000000081c00000, 0x0000000100000000)
  region size 1024K, 39 young (39936K), 0 survivors (0K)
 Metaspace       used 85274K, committed 86272K, reserved 1179648K
  class space    used 10199K, committed 10688K, reserved 1048576K
}
Event: 19817.119 GC heap after
{Heap after GC invocations=167 (full 48):
 garbage-first heap   total 81920K, used 27562K [0x0000000081c00000, 0x0000000100000000)
  region size 1024K, 4 young (4096K), 4 survivors (4096K)
 Metaspace       used 85274K, committed 86272K, reserved 1179648K
  class space    used 10199K, committed 10688K, reserved 1048576K
}
Event: 19895.604 GC heap before
{Heap before GC invocations=167 (full 48):
 garbage-first heap   total 81920K, used 64426K [0x0000000081c00000, 0x0000000100000000)
  region size 1024K, 40 young (40960K), 4 survivors (4096K)
 Metaspace       used 85603K, committed 86592K, reserved 1179648K
  class space    used 10249K, committed 10752K, reserved 1048576K
}
Event: 19895.625 GC heap after
{Heap after GC invocations=168 (full 48):
 garbage-first heap   total 81920K, used 28641K [0x0000000081c00000, 0x0000000100000000)
  region size 1024K, 2 young (2048K), 2 survivors (2048K)
 Metaspace       used 85603K, committed 86592K, reserved 1179648K
  class space    used 10249K, committed 10752K, reserved 1048576K
}
Event: 19895.952 GC heap before
{Heap before GC invocations=168 (full 48):
 garbage-first heap   total 81920K, used 64481K [0x0000000081c00000, 0x0000000100000000)
  region size 1024K, 37 young (37888K), 2 survivors (2048K)
 Metaspace       used 85873K, committed 86912K, reserved 1179648K
  class space    used 10267K, committed 10816K, reserved 1048576K
}
Event: 19895.956 GC heap after
{Heap after GC invocations=169 (full 48):
 garbage-first heap   total 81920K, used 31082K [0x0000000081c00000, 0x0000000100000000)
  region size 1024K, 5 young (5120K), 5 survivors (5120K)
 Metaspace       used 85873K, committed 86912K, reserved 1179648K
  class space    used 10267K, committed 10816K, reserved 1048576K
}
Event: 19949.139 GC heap before
{Heap before GC invocations=169 (full 48):
 garbage-first heap   total 81920K, used 64874K [0x0000000081c00000, 0x0000000100000000)
  region size 1024K, 38 young (38912K), 5 survivors (5120K)
 Metaspace       used 85916K, committed 86976K, reserved 1179648K
  class space    used 10273K, committed 10816K, reserved 1048576K
}
Event: 19949.155 GC heap after
{Heap after GC invocations=170 (full 48):
 garbage-first heap   total 81920K, used 32088K [0x0000000081c00000, 0x0000000100000000)
  region size 1024K, 4 young (4096K), 4 survivors (4096K)
 Metaspace       used 85916K, committed 86976K, reserved 1179648K
  class space    used 10273K, committed 10816K, reserved 1048576K
}
Event: 19949.384 GC heap before
{Heap before GC invocations=170 (full 48):
 garbage-first heap   total 81920K, used 65880K [0x0000000081c00000, 0x0000000100000000)
  region size 1024K, 37 young (37888K), 4 survivors (4096K)
 Metaspace       used 86170K, committed 87232K, reserved 1179648K
  class space    used 10285K, committed 10816K, reserved 1048576K
}
Event: 19949.402 GC heap after
{Heap after GC invocations=171 (full 48):
 garbage-first heap   total 81920K, used 34065K [0x0000000081c00000, 0x0000000100000000)
  region size 1024K, 5 young (5120K), 5 survivors (5120K)
 Metaspace       used 86170K, committed 87232K, reserved 1179648K
  class space    used 10285K, committed 10816K, reserved 1048576K
}
Event: 20003.391 GC heap before
{Heap before GC invocations=171 (full 48):
 garbage-first heap   total 81920K, used 42257K [0x0000000081c00000, 0x0000000100000000)
  region size 1024K, 14 young (14336K), 5 survivors (5120K)
 Metaspace       used 86182K, committed 87232K, reserved 1179648K
  class space    used 10286K, committed 10816K, reserved 1048576K
}
Event: 20003.468 GC heap after
{Heap after GC invocations=172 (full 49):
 garbage-first heap   total 81920K, used 25032K [0x0000000081c00000, 0x0000000100000000)
  region size 1024K, 0 young (0K), 0 survivors (0K)
 Metaspace       used 85524K, committed 87232K, reserved 1179648K
  class space    used 10231K, committed 10816K, reserved 1048576K
}
Event: 20003.841 GC heap before
{Heap before GC invocations=172 (full 49):
 garbage-first heap   total 81920K, used 61896K [0x0000000081c00000, 0x0000000100000000)
  region size 1024K, 37 young (37888K), 0 survivors (0K)
 Metaspace       used 85666K, committed 87232K, reserved 1179648K
  class space    used 10240K, committed 10816K, reserved 1048576K
}
Event: 20003.845 GC heap after
{Heap after GC invocations=173 (full 49):
 garbage-first heap   total 81920K, used 28315K [0x0000000081c00000, 0x0000000100000000)
  region size 1024K, 4 young (4096K), 4 survivors (4096K)
 Metaspace       used 85666K, committed 87232K, reserved 1179648K
  class space    used 10240K, committed 10816K, reserved 1048576K
}
Event: 20053.868 GC heap before
{Heap before GC invocations=173 (full 49):
 garbage-first heap   total 81920K, used 58011K [0x0000000081c00000, 0x0000000100000000)
  region size 1024K, 34 young (34816K), 4 survivors (4096K)
 Metaspace       used 85816K, committed 87232K, reserved 1179648K
  class space    used 10249K, committed 10816K, reserved 1048576K
}
Event: 20053.937 GC heap after
{Heap after GC invocations=174 (full 50):
 garbage-first heap   total 81920K, used 24592K [0x0000000081c00000, 0x0000000100000000)
  region size 1024K, 0 young (0K), 0 survivors (0K)
 Metaspace       used 85596K, committed 87232K, reserved 1179648K
  class space    used 10231K, committed 10816K, reserved 1048576K
}
Event: 20054.323 GC heap before
{Heap before GC invocations=174 (full 50):
 garbage-first heap   total 81920K, used 63504K [0x0000000081c00000, 0x0000000100000000)
  region size 1024K, 38 young (38912K), 0 survivors (0K)
 Metaspace       used 85753K, committed 87232K, reserved 1179648K
  class space    used 10243K, committed 10816K, reserved 1048576K
}
Event: 20054.327 GC heap after
{Heap after GC invocations=175 (full 50):
 garbage-first heap   total 81920K, used 27988K [0x0000000081c00000, 0x0000000100000000)
  region size 1024K, 4 young (4096K), 4 survivors (4096K)
 Metaspace       used 85753K, committed 87232K, reserved 1179648K
  class space    used 10243K, committed 10816K, reserved 1048576K
}

Dll operation events (9 events):
Event: 0.015 Loaded shared library C:\Users\AMEN\.p2\pool\plugins\org.eclipse.justj.openjdk.hotspot.jre.full.win32.x86_64_17.0.7.v20230425-1502\jre\bin\java.dll
Event: 0.393 Loaded shared library C:\Users\AMEN\.p2\pool\plugins\org.eclipse.justj.openjdk.hotspot.jre.full.win32.x86_64_17.0.7.v20230425-1502\jre\bin\net.dll
Event: 0.396 Loaded shared library C:\Users\AMEN\.p2\pool\plugins\org.eclipse.justj.openjdk.hotspot.jre.full.win32.x86_64_17.0.7.v20230425-1502\jre\bin\nio.dll
Event: 0.406 Loaded shared library C:\Users\AMEN\.p2\pool\plugins\org.eclipse.justj.openjdk.hotspot.jre.full.win32.x86_64_17.0.7.v20230425-1502\jre\bin\zip.dll
Event: 0.595 Loaded shared library C:\Users\AMEN\.p2\pool\plugins\org.eclipse.justj.openjdk.hotspot.jre.full.win32.x86_64_17.0.7.v20230425-1502\jre\bin\jimage.dll
Event: 1.239 Loaded shared library C:\Users\AMEN\.p2\pool\plugins\org.eclipse.justj.openjdk.hotspot.jre.full.win32.x86_64_17.0.7.v20230425-1502\jre\bin\management.dll
Event: 1.242 Loaded shared library C:\Users\AMEN\.p2\pool\plugins\org.eclipse.justj.openjdk.hotspot.jre.full.win32.x86_64_17.0.7.v20230425-1502\jre\bin\management_ext.dll
Event: 7.203 Loaded shared library C:\Users\AMEN\.p2\pool\plugins\org.eclipse.justj.openjdk.hotspot.jre.full.win32.x86_64_17.0.7.v20230425-1502\jre\bin\sunmscapi.dll
Event: 8.964 Loaded shared library C:\Users\AMEN\.p2\pool\plugins\org.eclipse.justj.openjdk.hotspot.jre.full.win32.x86_64_17.0.7.v20230425-1502\jre\bin\verify.dll

Deoptimization events (20 events):
Event: 19897.031 Thread 0x0000015f42138490 DEOPT PACKING pc=0x0000015f2f4d5a50 sp=0x000000545c9feff0
Event: 19897.031 Thread 0x0000015f42138490 DEOPT UNPACKING pc=0x0000015f2e3169a3 sp=0x000000545c9fefe0 mode 2
Event: 19898.036 Thread 0x0000015f42138490 Uncommon trap: trap_request=0xffffffde fr.pc=0x0000015f2f4d5a50 relative=0x0000000000001010
Event: 19898.036 Thread 0x0000015f42138490 Uncommon trap: reason=class_check action=maybe_recompile pc=0x0000015f2f4d5a50 method=org.springframework.boot.devtools.filewatch.FileSystemWatcher$Watcher.getCurrentSnapshots()Ljava/util/Map; @ 12 c2
Event: 19898.036 Thread 0x0000015f42138490 DEOPT PACKING pc=0x0000015f2f4d5a50 sp=0x000000545c9feff0
Event: 19898.036 Thread 0x0000015f42138490 DEOPT UNPACKING pc=0x0000015f2e3169a3 sp=0x000000545c9fefe0 mode 2
Event: 19899.041 Thread 0x0000015f42138490 Uncommon trap: trap_request=0xffffffde fr.pc=0x0000015f2f4d5a50 relative=0x0000000000001010
Event: 19899.041 Thread 0x0000015f42138490 Uncommon trap: reason=class_check action=maybe_recompile pc=0x0000015f2f4d5a50 method=org.springframework.boot.devtools.filewatch.FileSystemWatcher$Watcher.getCurrentSnapshots()Ljava/util/Map; @ 12 c2
Event: 19899.041 Thread 0x0000015f42138490 DEOPT PACKING pc=0x0000015f2f4d5a50 sp=0x000000545c9feff0
Event: 19899.044 Thread 0x0000015f42138490 DEOPT UNPACKING pc=0x0000015f2e3169a3 sp=0x000000545c9fefe0 mode 2
Event: 19949.187 Thread 0x0000015f42138960 DEOPT PACKING pc=0x0000015f27bc6c23 sp=0x000000545d0fcf80
Event: 19949.188 Thread 0x0000015f42138960 DEOPT UNPACKING pc=0x0000015f2e317143 sp=0x000000545d0fc470 mode 0
Event: 19957.261 Thread 0x0000015f42137620 Uncommon trap: trap_request=0xffffffde fr.pc=0x0000015f2f6acb54 relative=0x00000000000004f4
Event: 19957.261 Thread 0x0000015f42137620 Uncommon trap: reason=class_check action=maybe_recompile pc=0x0000015f2f6acb54 method=org.springframework.core.MethodParameter.computeParameterType()Ljava/lang/Class; @ 8 c2
Event: 19957.261 Thread 0x0000015f42137620 DEOPT PACKING pc=0x0000015f2f6acb54 sp=0x000000545dafd430
Event: 19957.261 Thread 0x0000015f42137620 DEOPT UNPACKING pc=0x0000015f2e3169a3 sp=0x000000545dafd388 mode 2
Event: 20053.861 Thread 0x0000015f42134600 Uncommon trap: trap_request=0xffffff45 fr.pc=0x0000015f2f2db680 relative=0x00000000000005e0
Event: 20053.861 Thread 0x0000015f42134600 Uncommon trap: reason=unstable_if action=reinterpret pc=0x0000015f2f2db680 method=java.util.concurrent.locks.AbstractQueuedSynchronizer.enqueue(Ljava/util/concurrent/locks/AbstractQueuedSynchronizer$Node;)V @ 31 c2
Event: 20053.861 Thread 0x0000015f42134600 DEOPT PACKING pc=0x0000015f2f2db680 sp=0x000000545d6fec50
Event: 20053.861 Thread 0x0000015f42134600 DEOPT UNPACKING pc=0x0000015f2e3169a3 sp=0x000000545d6febc0 mode 2

Classes unloaded (20 events):
Event: 20003.413 Thread 0x0000015f3d542f90 Unloading class 0x000000010097ba00 'com/GLA16/twitterclonebackend/TwitterCloneController'
Event: 20003.413 Thread 0x0000015f3d542f90 Unloading class 0x000000010097b800 'com/GLA16/twitterclonebackend/TwitterCloneBackendApplication'
Event: 20053.883 Thread 0x0000015f3d542f90 Unloading class 0x0000000100aaa000 'org/apache/catalina/loader/JdbcLeakPrevention'
Event: 20053.883 Thread 0x0000015f3d542f90 Unloading class 0x0000000100996000 'jdk/proxy47/$Proxy300'
Event: 20053.884 Thread 0x0000015f3d542f90 Unloading class 0x0000000100a07368 'jdk/proxy47/$Proxy299'
Event: 20053.884 Thread 0x0000015f3d542f90 Unloading class 0x0000000100a07020 'jdk/proxy47/$Proxy298'
Event: 20053.884 Thread 0x0000015f3d542f90 Unloading class 0x0000000100a06460 'jdk/proxy47/$Proxy297'
Event: 20053.884 Thread 0x0000015f3d542f90 Unloading class 0x0000000100a06000 'jdk/proxy47/$Proxy296'
Event: 20053.884 Thread 0x0000015f3d542f90 Unloading class 0x0000000100995d50 'com/GLA16/twitterclonebackend/Post$HibernateInstantiator$rNmXOv0u'
Event: 20053.884 Thread 0x0000015f3d542f90 Unloading class 0x0000000100995a00 'com/GLA16/twitterclonebackend/Post$HibernateProxy$qPOZrpNQ'
Event: 20053.884 Thread 0x0000015f3d542f90 Unloading class 0x00000001009957e0 'com/GLA16/twitterclonebackend/User$HibernateInstantiator$xwh9GhbM'
Event: 20053.884 Thread 0x0000015f3d542f90 Unloading class 0x0000000100995480 'com/GLA16/twitterclonebackend/User$HibernateProxy$EeDk9Fu6'
Event: 20053.884 Thread 0x0000015f3d542f90 Unloading class 0x0000000100995250 'com/GLA16/twitterclonebackend/TwitterCloneBackendApplication$$SpringCGLIB$$0'
Event: 20053.884 Thread 0x0000015f3d542f90 Unloading class 0x0000000100995000 'com/GLA16/twitterclonebackend/User'
Event: 20053.884 Thread 0x0000015f3d542f90 Unloading class 0x0000000100922438 'com/GLA16/twitterclonebackend/UserRepository'
Event: 20053.884 Thread 0x0000015f3d542f90 Unloading class 0x00000001009221f8 'com/GLA16/twitterclonebackend/Post'
Event: 20053.884 Thread 0x0000015f3d542f90 Unloading class 0x0000000100922000 'com/GLA16/twitterclonebackend/PostRepository'
Event: 20053.884 Thread 0x0000015f3d542f90 Unloading class 0x0000000100482440 'com/GLA16/twitterclonebackend/TwitterCloneService'
Event: 20053.884 Thread 0x0000015f3d542f90 Unloading class 0x0000000100482200 'com/GLA16/twitterclonebackend/TwitterCloneController'
Event: 20053.884 Thread 0x0000015f3d542f90 Unloading class 0x0000000100482000 'com/GLA16/twitterclonebackend/TwitterCloneBackendApplication'

Classes redefined (0 events):
No events

Internal exceptions (20 events):
Event: 20003.691 Thread 0x0000015f463f5f60 Exception <a 'sun/nio/fs/WindowsException'{0x000000008514f488}> (0x000000008514f488) 
thrown [s\src\hotspot\share\prims\jni.cpp, line 516]
Event: 20003.705 Thread 0x0000015f463f5f60 Exception <a 'java/io/FileNotFoundException'{0x00000000851826b8}> (0x00000000851826b8) 
thrown [s\src\hotspot\share\prims\jni.cpp, line 516]
Event: 20003.721 Thread 0x0000015f463f5f60 Exception <a 'java/io/FileNotFoundException'{0x0000000084f05518}> (0x0000000084f05518) 
thrown [s\src\hotspot\share\prims\jni.cpp, line 516]
Event: 20053.862 Thread 0x0000015f463f4750 Exception <a 'java/lang/InterruptedException'{0x0000000084ea6c30}: sleep interrupted> (0x0000000084ea6c30) 
thrown [s\src\hotspot\share\prims\jvm.cpp, line 3070]
Event: 20053.865 Thread 0x0000015f458e07c0 Exception <a 'java/io/IOException'{0x0000000084ee0f18}> (0x0000000084ee0f18) 
thrown [s\src\hotspot\share\prims\jni.cpp, line 516]
Event: 20053.865 Thread 0x0000015f458e07c0 Exception <a 'java/io/IOException'{0x0000000084ee1a58}> (0x0000000084ee1a58) 
thrown [s\src\hotspot\share\prims\jni.cpp, line 516]
Event: 20053.867 Thread 0x0000015f458e07c0 Exception <a 'java/io/IOException'{0x0000000084eeff48}> (0x0000000084eeff48) 
thrown [s\src\hotspot\share\prims\jni.cpp, line 516]
Event: 20053.867 Thread 0x0000015f458e07c0 Exception <a 'java/io/IOException'{0x0000000084ef0a88}> (0x0000000084ef0a88) 
thrown [s\src\hotspot\share\prims\jni.cpp, line 516]
Event: 20053.952 Thread 0x0000015f458e3310 Exception <a 'sun/nio/fs/WindowsException'{0x0000000086b9f268}> (0x0000000086b9f268) 
thrown [s\src\hotspot\share\prims\jni.cpp, line 516]
Event: 20054.139 Thread 0x0000015f458e3310 Exception <a 'java/lang/NoClassDefFoundError'{0x000000008576fb10}: org/flywaydb/core/Flyway> (0x000000008576fb10) 
thrown [s\src\hotspot\share\oops\constantPool.cpp, line 835]
Event: 20054.139 Thread 0x0000015f458e3310 Exception <a 'java/lang/NoClassDefFoundError'{0x0000000085770160}: liquibase/integration/spring/SpringLiquibase> (0x0000000085770160) 
thrown [s\src\hotspot\share\oops\constantPool.cpp, line 835]
Event: 20054.141 Thread 0x0000015f458e3310 Exception <a 'java/lang/NoClassDefFoundError'{0x00000000857ae4c8}: org/jooq/DSLContext> (0x00000000857ae4c8) 
thrown [s\src\hotspot\share\oops\constantPool.cpp, line 835]
Event: 20054.141 Thread 0x0000015f458e3310 Exception <a 'java/lang/NoClassDefFoundError'{0x00000000857b6898}: org/springframework/batch/core/repository/JobRepository> (0x00000000857b6898) 
thrown [s\src\hotspot\share\oops\constantPool.cpp, line 835]
Event: 20054.141 Thread 0x0000015f458e3310 Exception <a 'java/lang/NoClassDefFoundError'{0x00000000857b6ee0}: org/quartz/Scheduler> (0x00000000857b6ee0) 
thrown [s\src\hotspot\share\oops\constantPool.cpp, line 835]
Event: 20054.141 Thread 0x0000015f458e3310 Exception <a 'java/lang/NoClassDefFoundError'{0x00000000857b7550}: org/springframework/session/jdbc/JdbcIndexedSessionRepository> (0x00000000857b7550) 
thrown [s\src\hotspot\share\oops\constantPool.cpp, line 835]
Event: 20054.167 Thread 0x0000015f458e3310 Exception <a 'sun/nio/fs/WindowsException'{0x00000000851205a0}> (0x00000000851205a0) 
thrown [s\src\hotspot\share\prims\jni.cpp, line 516]
Event: 20054.168 Thread 0x0000015f458e3310 Exception <a 'sun/nio/fs/WindowsException'{0x0000000085120ba8}> (0x0000000085120ba8) 
thrown [s\src\hotspot\share\prims\jni.cpp, line 516]
Event: 20054.168 Thread 0x0000015f458e3310 Exception <a 'sun/nio/fs/WindowsException'{0x0000000085124eb8}> (0x0000000085124eb8) 
thrown [s\src\hotspot\share\prims\jni.cpp, line 516]
Event: 20054.179 Thread 0x0000015f458e3310 Exception <a 'java/io/FileNotFoundException'{0x00000000851587d0}> (0x00000000851587d0) 
thrown [s\src\hotspot\share\prims\jni.cpp, line 516]
Event: 20054.195 Thread 0x0000015f458e3310 Exception <a 'java/io/FileNotFoundException'{0x00000000850db260}> (0x00000000850db260) 
thrown [s\src\hotspot\share\prims\jni.cpp, line 516]

VM Operations (20 events):
Event: 19957.406 Executing VM operation: Cleanup done
Event: 20003.391 Executing VM operation: G1CollectFull
Event: 20003.468 Executing VM operation: G1CollectFull done
Event: 20003.841 Executing VM operation: G1CollectForAllocation
Event: 20003.845 Executing VM operation: G1CollectForAllocation done
Event: 20004.072 Executing VM operation: HandshakeAllThreads
Event: 20004.073 Executing VM operation: HandshakeAllThreads done
Event: 20005.073 Executing VM operation: Cleanup
Event: 20005.073 Executing VM operation: Cleanup done
Event: 20009.075 Executing VM operation: Cleanup
Event: 20009.075 Executing VM operation: Cleanup done
Event: 20053.868 Executing VM operation: G1CollectFull
Event: 20053.937 Executing VM operation: G1CollectFull done
Event: 20054.168 Executing VM operation: HandshakeAllThreads
Event: 20054.168 Executing VM operation: HandshakeAllThreads done
Event: 20054.323 Executing VM operation: G1CollectForAllocation
Event: 20054.327 Executing VM operation: G1CollectForAllocation done
Event: 20054.329 Executing VM operation: HandshakeAllThreads
Event: 20054.332 Executing VM operation: HandshakeAllThreads done
Event: 20055.333 Executing VM operation: Cleanup

Events (20 events):
Event: 20054.368 Thread 0x0000015f3d710b40 flushing nmethod 0x0000015f283e5910
Event: 20054.369 Thread 0x0000015f3d710b40 flushing nmethod 0x0000015f2844f010
Event: 20054.369 Thread 0x0000015f3d710b40 flushing nmethod 0x0000015f284dd310
Event: 20054.369 Thread 0x0000015f3d710b40 flushing nmethod 0x0000015f28538b90
Event: 20054.369 Thread 0x0000015f3d710b40 flushing nmethod 0x0000015f2855bc10
Event: 20054.503 Thread 0x0000015f458e1160 Thread added: 0x0000015f458e1160
Event: 20054.510 Thread 0x0000015f458de140 Thread added: 0x0000015f458de140
Event: 20054.510 Thread 0x0000015f458e2970 Thread added: 0x0000015f458e2970
Event: 20054.510 Thread 0x0000015f458de610 Thread added: 0x0000015f458de610
Event: 20054.510 Thread 0x0000015f42138960 Thread added: 0x0000015f42138960
Event: 20054.510 Thread 0x0000015f421367b0 Thread added: 0x0000015f421367b0
Event: 20054.510 Thread 0x0000015f42135470 Thread added: 0x0000015f42135470
Event: 20054.510 Thread 0x0000015f42132df0 Thread added: 0x0000015f42132df0
Event: 20054.511 Thread 0x0000015f42139300 Thread added: 0x0000015f42139300
Event: 20054.511 Thread 0x0000015f42134600 Thread added: 0x0000015f42134600
Event: 20054.511 Thread 0x0000015f42135940 Thread added: 0x0000015f42135940
Event: 20054.519 Thread 0x0000015f42134ad0 Thread added: 0x0000015f42134ad0
Event: 20054.519 Thread 0x0000015f42137620 Thread added: 0x0000015f42137620
Event: 20054.534 Thread 0x0000015f458df480 Thread exited: 0x0000015f458df480
Event: 20054.534 Thread 0x0000015f458e3310 Thread exited: 0x0000015f458e3310


Dynamic libraries:
0x00007ff6674f0000 - 0x00007ff6674fe000 	C:\Users\AMEN\.p2\pool\plugins\org.eclipse.justj.openjdk.hotspot.jre.full.win32.x86_64_17.0.7.v20230425-1502\jre\bin\javaw.exe
0x00007ffcd51f0000 - 0x00007ffcd53e8000 	C:\Windows\SYSTEM32\ntdll.dll
0x00007ffcd3a00000 - 0x00007ffcd3abf000 	C:\Windows\System32\KERNEL32.DLL
0x00007ffcd28d0000 - 0x00007ffcd2bc6000 	C:\Windows\System32\KERNELBASE.dll
0x00007ffcd2c00000 - 0x00007ffcd2d00000 	C:\Windows\System32\ucrtbase.dll
0x00007ffcc6280000 - 0x00007ffcc6297000 	C:\Users\AMEN\.p2\pool\plugins\org.eclipse.justj.openjdk.hotspot.jre.full.win32.x86_64_17.0.7.v20230425-1502\jre\bin\jli.dll
0x00007ffcd3450000 - 0x00007ffcd35ed000 	C:\Windows\System32\USER32.dll
0x00007ffcd2bd0000 - 0x00007ffcd2bf2000 	C:\Windows\System32\win32u.dll
0x00007ffcd4f70000 - 0x00007ffcd4f9c000 	C:\Windows\System32\GDI32.dll
0x00007ffcd3130000 - 0x00007ffcd3245000 	C:\Windows\System32\gdi32full.dll
0x00007ffcbfb60000 - 0x00007ffcbfb79000 	C:\Users\AMEN\.p2\pool\plugins\org.eclipse.justj.openjdk.hotspot.jre.full.win32.x86_64_17.0.7.v20230425-1502\jre\bin\VCRUNTIME140.dll
0x00007ffcd2f30000 - 0x00007ffcd2fcd000 	C:\Windows\System32\msvcp_win.dll
0x00007ffcbc300000 - 0x00007ffcbc59a000 	C:\Windows\WinSxS\amd64_microsoft.windows.common-controls_6595b64144ccf1df_6.0.19041.1110_none_60b5254171f9507e\COMCTL32.dll
0x00007ffcd4ed0000 - 0x00007ffcd4f6e000 	C:\Windows\System32\msvcrt.dll
0x00007ffcd50e0000 - 0x00007ffcd5110000 	C:\Windows\System32\IMM32.DLL
0x00007ffcce430000 - 0x00007ffcce43c000 	C:\Users\AMEN\.p2\pool\plugins\org.eclipse.justj.openjdk.hotspot.jre.full.win32.x86_64_17.0.7.v20230425-1502\jre\bin\vcruntime140_1.dll
0x00007ffcb1480000 - 0x00007ffcb1511000 	C:\Users\AMEN\.p2\pool\plugins\org.eclipse.justj.openjdk.hotspot.jre.full.win32.x86_64_17.0.7.v20230425-1502\jre\bin\msvcp140.dll
0x00007ffc84dc0000 - 0x00007ffc85a08000 	C:\Users\AMEN\.p2\pool\plugins\org.eclipse.justj.openjdk.hotspot.jre.full.win32.x86_64_17.0.7.v20230425-1502\jre\bin\server\jvm.dll
0x00007ffcd5020000 - 0x00007ffcd50cf000 	C:\Windows\System32\ADVAPI32.dll
0x00007ffcd5110000 - 0x00007ffcd51ac000 	C:\Windows\System32\sechost.dll
0x00007ffcd3800000 - 0x00007ffcd3926000 	C:\Windows\System32\RPCRT4.dll
0x00007ffc65780000 - 0x00007ffc65789000 	C:\Windows\SYSTEM32\WSOCK32.dll
0x00007ffcd4810000 - 0x00007ffcd487b000 	C:\Windows\System32\WS2_32.dll
0x00007ffcb84d0000 - 0x00007ffcb84f7000 	C:\Windows\SYSTEM32\WINMM.dll
0x00007ffccba70000 - 0x00007ffccba7a000 	C:\Windows\SYSTEM32\VERSION.dll
0x00007ffcd0740000 - 0x00007ffcd0752000 	C:\Windows\SYSTEM32\kernel.appcore.dll
0x00007ffccd150000 - 0x00007ffccd15a000 	C:\Users\AMEN\.p2\pool\plugins\org.eclipse.justj.openjdk.hotspot.jre.full.win32.x86_64_17.0.7.v20230425-1502\jre\bin\jimage.dll
0x00007ffcce200000 - 0x00007ffcce3e4000 	C:\Windows\SYSTEM32\DBGHELP.DLL
0x00007ffcbb650000 - 0x00007ffcbb684000 	C:\Windows\SYSTEM32\dbgcore.DLL
0x00007ffcd2d00000 - 0x00007ffcd2d82000 	C:\Windows\System32\bcryptPrimitives.dll
0x00007ffcccea0000 - 0x00007ffcccec5000 	C:\Users\AMEN\.p2\pool\plugins\org.eclipse.justj.openjdk.hotspot.jre.full.win32.x86_64_17.0.7.v20230425-1502\jre\bin\java.dll
0x00007ffcccb80000 - 0x00007ffcccb98000 	C:\Users\AMEN\.p2\pool\plugins\org.eclipse.justj.openjdk.hotspot.jre.full.win32.x86_64_17.0.7.v20230425-1502\jre\bin\zip.dll
0x00007ffcd3b80000 - 0x00007ffcd42c4000 	C:\Windows\System32\SHELL32.dll
0x00007ffcd0940000 - 0x00007ffcd10d4000 	C:\Windows\SYSTEM32\windows.storage.dll
0x00007ffcd44b0000 - 0x00007ffcd4804000 	C:\Windows\System32\combase.dll
0x00007ffcd2310000 - 0x00007ffcd233e000 	C:\Windows\SYSTEM32\Wldp.dll
0x00007ffcd3ac0000 - 0x00007ffcd3b6d000 	C:\Windows\System32\SHCORE.dll
0x00007ffcd33f0000 - 0x00007ffcd3445000 	C:\Windows\System32\shlwapi.dll
0x00007ffcd2800000 - 0x00007ffcd2825000 	C:\Windows\SYSTEM32\profapi.dll
0x00007ffcc7ef0000 - 0x00007ffcc7f09000 	C:\Users\AMEN\.p2\pool\plugins\org.eclipse.justj.openjdk.hotspot.jre.full.win32.x86_64_17.0.7.v20230425-1502\jre\bin\net.dll
0x00007ffcc7dc0000 - 0x00007ffcc7eca000 	C:\Windows\SYSTEM32\WINHTTP.dll
0x00007ffcd1fd0000 - 0x00007ffcd203a000 	C:\Windows\system32\mswsock.dll
0x00007ffcc65e0000 - 0x00007ffcc65f5000 	C:\Users\AMEN\.p2\pool\plugins\org.eclipse.justj.openjdk.hotspot.jre.full.win32.x86_64_17.0.7.v20230425-1502\jre\bin\nio.dll
0x00007ffcca100000 - 0x00007ffcca109000 	C:\Users\AMEN\.p2\pool\plugins\org.eclipse.justj.openjdk.hotspot.jre.full.win32.x86_64_17.0.7.v20230425-1502\jre\bin\management.dll
0x00007ffcc6b70000 - 0x00007ffcc6b7b000 	C:\Users\AMEN\.p2\pool\plugins\org.eclipse.justj.openjdk.hotspot.jre.full.win32.x86_64_17.0.7.v20230425-1502\jre\bin\management_ext.dll
0x00007ffcd50d0000 - 0x00007ffcd50d8000 	C:\Windows\System32\PSAPI.DLL
0x00007ffcd2240000 - 0x00007ffcd2258000 	C:\Windows\SYSTEM32\CRYPTSP.dll
0x00007ffcd1880000 - 0x00007ffcd18b4000 	C:\Windows\system32\rsaenh.dll
0x00007ffcd2f00000 - 0x00007ffcd2f27000 	C:\Windows\System32\bcrypt.dll
0x00007ffcd27c0000 - 0x00007ffcd27ee000 	C:\Windows\SYSTEM32\USERENV.dll
0x00007ffcd2260000 - 0x00007ffcd226c000 	C:\Windows\SYSTEM32\CRYPTBASE.dll
0x00007ffcd1cc0000 - 0x00007ffcd1cfc000 	C:\Windows\SYSTEM32\IPHLPAPI.DLL
0x00007ffcd49a0000 - 0x00007ffcd49a8000 	C:\Windows\System32\NSI.dll
0x00007ffccb020000 - 0x00007ffccb037000 	C:\Windows\SYSTEM32\dhcpcsvc6.DLL
0x00007ffccac60000 - 0x00007ffccac7d000 	C:\Windows\SYSTEM32\dhcpcsvc.DLL
0x00007ffcd1d00000 - 0x00007ffcd1dca000 	C:\Windows\SYSTEM32\DNSAPI.dll
0x00007ffcccb50000 - 0x00007ffcccb5e000 	C:\Users\AMEN\.p2\pool\plugins\org.eclipse.justj.openjdk.hotspot.jre.full.win32.x86_64_17.0.7.v20230425-1502\jre\bin\sunmscapi.dll
0x00007ffcd2fd0000 - 0x00007ffcd312e000 	C:\Windows\System32\CRYPT32.dll
0x00007ffcd2380000 - 0x00007ffcd23a8000 	C:\Windows\SYSTEM32\ncrypt.dll
0x00007ffcd2340000 - 0x00007ffcd237b000 	C:\Windows\SYSTEM32\NTASN1.dll
0x00007ffcccc00000 - 0x00007ffcccc10000 	C:\Users\AMEN\.p2\pool\plugins\org.eclipse.justj.openjdk.hotspot.jre.full.win32.x86_64_17.0.7.v20230425-1502\jre\bin\verify.dll
0x0000000063060000 - 0x0000000063086000 	C:\Program Files\Bonjour\mdnsNSP.dll
0x00007ffcca9d0000 - 0x00007ffcca9da000 	C:\Windows\System32\rasadhlp.dll
0x00007ffcc5280000 - 0x00007ffcc5302000 	C:\Windows\System32\fwpuclnt.dll
0x00007ffccce50000 - 0x00007ffccce57000 	C:\Windows\system32\wshunix.dll

dbghelp: loaded successfully - version: 4.0.5 - missing functions: none
symbol engine: initialized successfully - sym options: 0x614 - pdb path: .;C:\Users\AMEN\.p2\pool\plugins\org.eclipse.justj.openjdk.hotspot.jre.full.win32.x86_64_17.0.7.v20230425-1502\jre\bin;C:\Windows\SYSTEM32;C:\Windows\WinSxS\amd64_microsoft.windows.common-controls_6595b64144ccf1df_6.0.19041.1110_none_60b5254171f9507e;C:\Users\AMEN\.p2\pool\plugins\org.eclipse.justj.openjdk.hotspot.jre.full.win32.x86_64_17.0.7.v20230425-1502\jre\bin\server;C:\Program Files\Bonjour

VM Arguments:
jvm_args: -Dfile.encoding=UTF-8 -XX:+ShowCodeDetailsInExceptionMessages 
java_command: com.GLA16.twitterclonebackend.TwitterCloneBackendApplication
java_class_path (initial): C:\Users\AMEN\Documents\PROJECTS\GLD-16\FINAL PROJECT\twitter-clone-backend\twitter-clone-backend\target\classes;C:\Users\AMEN\.m2\repository\org\springframework\boot\spring-boot-starter-data-jpa\3.1.2\spring-boot-starter-data-jpa-3.1.2.jar;C:\Users\AMEN\.m2\repository\org\springframework\boot\spring-boot-starter-aop\3.1.2\spring-boot-starter-aop-3.1.2.jar;C:\Users\AMEN\.m2\repository\org\springframework\spring-aop\6.0.11\spring-aop-6.0.11.jar;C:\Users\AMEN\.m2\repository\org\aspectj\aspectjweaver\1.9.19\aspectjweaver-1.9.19.jar;C:\Users\AMEN\.m2\repository\org\springframework\boot\spring-boot-starter-jdbc\3.1.2\spring-boot-starter-jdbc-3.1.2.jar;C:\Users\AMEN\.m2\repository\com\zaxxer\HikariCP\5.0.1\HikariCP-5.0.1.jar;C:\Users\AMEN\.m2\repository\org\springframework\spring-jdbc\6.0.11\spring-jdbc-6.0.11.jar;C:\Users\AMEN\.m2\repository\org\hibernate\orm\hibernate-core\6.2.6.Final\hibernate-core-6.2.6.Final.jar;C:\Users\AMEN\.m2\repository\jakarta\persistence\jakarta.persistence-api\3.1.0\jakarta.persistence-api-3.1.0.jar;C:\Users\AMEN\.m2\repository\jakarta\transaction\jakarta.transaction-api\2.0.1\jakarta.transaction-api-2.0.1.jar;C:\Users\AMEN\.m2\repository\org\jboss\logging\jboss-logging\3.5.3.Final\jboss-logging-3.5.3.Final.jar;C:\Users\AMEN\.m2\repository\org\hibernate\common\hibernate-commons-annotations\6.0.6.Final\hibernate-commons-annotations-6.0.6.Final.jar;C:\Users\AMEN\.m2\repository\io\smallrye\jandex\3.0.5\jandex-3.0.5.jar;C:\Users\AMEN\.m2\repository\com\fasterxml\classmate\1.5.1\classmate-1.5.1.jar;C:\Users\AMEN\.m2\repository\net\bytebuddy\byte-buddy\1.14.5\byte-buddy-1.14.5.jar;C:\Users\AMEN\.m2\repository\org\glassfish\jaxb\jaxb-runtime\4.0.3\jaxb-runtime-4.0.3.jar;C:\Users\AMEN\.m2\repository\org\glassfish\jaxb\jaxb-core\4.0.3\jaxb-core-4.0.3.jar;C:\Users\AMEN\.m2\repository\org\eclipse\angus\angus-activation\2.0.1\angus-activation-2.0.1.jar;C:\Users\AMEN\.m2\repository\org\glassfish\jaxb\txw2\4.0.3\txw2-4.0.3.jar;C
Launcher Type: SUN_STANDARD

[Global flags]
     intx CICompilerCount                          = 3                                         {product} {ergonomic}
     uint ConcGCThreads                            = 1                                         {product} {ergonomic}
     uint G1ConcRefinementThreads                  = 4                                         {product} {ergonomic}
   size_t G1HeapRegionSize                         = 1048576                                   {product} {ergonomic}
    uintx GCDrainStackTargetSize                   = 64                                        {product} {ergonomic}
   size_t InitialHeapSize                          = 134217728                                 {product} {ergonomic}
   size_t MarkStackSize                            = 4194304                                   {product} {ergonomic}
   size_t MaxHeapSize                              = 2118123520                                {product} {ergonomic}
   size_t MaxNewSize                               = 1270874112                                {product} {ergonomic}
   size_t MinHeapDeltaBytes                        = 1048576                                   {product} {ergonomic}
   size_t MinHeapSize                              = 8388608                                   {product} {ergonomic}
    uintx NonNMethodCodeHeapSize                   = 5832780                                {pd product} {ergonomic}
    uintx NonProfiledCodeHeapSize                  = 122912730                              {pd product} {ergonomic}
    uintx ProfiledCodeHeapSize                     = 122912730                              {pd product} {ergonomic}
    uintx ReservedCodeCacheSize                    = 251658240                              {pd product} {ergonomic}
     bool SegmentedCodeCache                       = true                                      {product} {ergonomic}
     bool ShowCodeDetailsInExceptionMessages       = true                                   {manageable} {command line}
   size_t SoftMaxHeapSize                          = 2118123520                             {manageable} {ergonomic}
     bool UseCompressedClassPointers               = true                           {product lp64_product} {ergonomic}
     bool UseCompressedOops                        = true                           {product lp64_product} {ergonomic}
     bool UseG1GC                                  = true                                      {product} {ergonomic}
     bool UseLargePagesIndividualAllocation        = false                                  {pd product} {ergonomic}

Logging:
Log output configuration:
 #0: stdout all=warning uptime,level,tags
 #1: stderr all=off uptime,level,tags

Environment Variables:
PATH=C:/Users/AMEN/.p2/pool/plugins/org.eclipse.justj.openjdk.hotspot.jre.full.win32.x86_64_17.0.7.v20230425-1502/jre/bin/server;C:/Users/AMEN/.p2/pool/plugins/org.eclipse.justj.openjdk.hotspot.jre.full.win32.x86_64_17.0.7.v20230425-1502/jre/bin;C:\Program Files (x86)\Common Files\Intel\Shared Libraries\redist\intel64\compiler;C:\Python310\Scripts\;C:\Python310\;C:\Windows\system32;C:\Windows;C:\Windows\System32\Wbem;C:\Windows\System32\WindowsPowerShell\v1.0\;C:\Windows\System32\OpenSSH\;C:\Program Files\Git\cmd;C:\Program Files (x86)\NVIDIA Corporation\PhysX\Common;C:\Program Files\NVIDIA Corporation\NVIDIA NvDLISR;C:\Program Files\nodejs\;C:\ProgramData\chocolatey\bin;;C:\Program Files\Docker\Docker\resources\bin;C:\ProgramData\DockerDesktop\version-bin;C:\Program Files\PuTTY\;C:\Program Files\MySQL\MySQL Shell 8.0\bin\;C:\Users\AMEN\AppData\Local\Microsoft\WindowsApps;;C:\Users\AMEN\AppData\Local\Programs\Microsoft VS Code\bin;C:\Users\AMEN\AppData\Roaming\npm;C:\Users\AMEN\AppData\Local\Programs\mongosh\;C:\Program Files\heroku\bin;C:\Windows\system32;
USERNAME=AMEN
OS=Windows_NT
PROCESSOR_IDENTIFIER=Intel64 Family 6 Model 158 Stepping 9, GenuineIntel
TMP=C:\Users\AMEN\AppData\Local\Temp
TEMP=C:\Users\AMEN\AppData\Local\Temp



---------------  S Y S T E M  ---------------

OS:
 Windows 10 , 64 bit Build 19041 (10.0.19041.3155)
OS uptime: 4 days 17:45 hours
Hyper-V role detected

CPU: total 4 (initial active 4) (4 cores per cpu, 1 threads per core) family 6 model 158 stepping 9 microcode 0xea, cx8, cmov, fxsr, mmx, 3dnowpref, sse, sse2, sse3, ssse3, sse4.1, sse4.2, popcnt, lzcnt, tsc, tscinvbit, avx, avx2, aes, erms, clmul, bmi1, bmi2, adx, fma, vzeroupper, clflush, clflushopt, hv

Memory: 4k page, system-wide physical 8074M (660M free)
TotalPageFile size 32650M (AvailPageFile size 1479M)
current process WorkingSet (physical memory assigned to process): 547M, peak: 3312M
current process commit charge ("private bytes"): 10580M, peak: 12633M

vm_info: OpenJDK 64-Bit Server VM (17.0.7+7) for windows-amd64 JRE (17.0.7+7), built on Apr 18 2023 22:10:42 by "temurin" with MS VC++ 16.7 (VS2019)

END.
